<?xml version="1.0" encoding="UTF-8"?>
<!-- Generated by org.testng.reporters.JUnitXMLReporter -->
<testsuite ignored="0" hostname="LT-IND-56" failures="0" tests="4" name="Default test" time="16.745" errors="0" timestamp="2021-03-09T20:28:31 IST">
  <testcase classname="com.kosmos.client.RestClient" name="fetchEulaWhenStatustCode200" time="5.356"/>
  <testcase classname="com.kosmos.client.RestClient" name="fetchEulaWhenStatustCode200" time="3.192"/>
  <testcase classname="com.kosmos.client.RestClient" name="fetchEulaWhenStatustCode200" time="3.179"/>
  <testcase classname="com.kosmos.client.RestClient" name="fetchEulaWhenStatustCode200" time="4.088"/>
</testsuite> <!-- Default test -->
