<?xml version="1.0" encoding="UTF-8"?>
<testng-results ignored="0" total="4" passed="4" failed="0" skipped="0">
  <reporter-output>
  </reporter-output>
  <suite started-at="2021-03-09T20:28:14 IST" name="Default suite" finished-at="2021-03-09T20:28:31 IST" duration-ms="16745">
    <groups>
    </groups>
    <test started-at="2021-03-09T20:28:14 IST" name="Default test" finished-at="2021-03-09T20:28:31 IST" duration-ms="16745">
      <class name="com.kosmos.client.RestClient">
        <test-method signature="fetchEulaWhenStatustCode200(java.lang.String)[pri:0, instance:com.kosmos.client.RestClient@7fc229ab]" started-at="2021-03-09T20:28:15 IST" name="fetchEulaWhenStatustCode200" data-provider="TestData" finished-at="2021-03-09T20:28:20 IST" duration-ms="5356" status="PASS">
          <params>
            <param index="0">
              <value>
                <![CDATA[https://1k-dev.1kosmos.net/api/v3/rest/default/eula?tenant=1kosmos]]>
              </value>
            </param>
          </params>
          <reporter-output>
          </reporter-output>
        </test-method> <!-- fetchEulaWhenStatustCode200 -->
        <test-method signature="fetchEulaWhenStatustCode200(java.lang.String)[pri:0, instance:com.kosmos.client.RestClient@7fc229ab]" started-at="2021-03-09T20:28:20 IST" name="fetchEulaWhenStatustCode200" data-provider="TestData" finished-at="2021-03-09T20:28:23 IST" duration-ms="3192" status="PASS">
          <params>
            <param index="0">
              <value>
                <![CDATA[https://1k-dev.1kosmos.net/api/v3/rest/default/eula?tenant=1kosmos]]>
              </value>
            </param>
          </params>
          <reporter-output>
          </reporter-output>
        </test-method> <!-- fetchEulaWhenStatustCode200 -->
        <test-method signature="fetchEulaWhenStatustCode200(java.lang.String)[pri:0, instance:com.kosmos.client.RestClient@7fc229ab]" started-at="2021-03-09T20:28:23 IST" name="fetchEulaWhenStatustCode200" data-provider="TestData" finished-at="2021-03-09T20:28:27 IST" duration-ms="3179" status="PASS">
          <params>
            <param index="0">
              <value>
                <![CDATA[https://1k-dev.1kosmos.net/api/v3/rest/default/eula?tenant=1kosmos]]>
              </value>
            </param>
          </params>
          <reporter-output>
          </reporter-output>
        </test-method> <!-- fetchEulaWhenStatustCode200 -->
        <test-method signature="fetchEulaWhenStatustCode200(java.lang.String)[pri:0, instance:com.kosmos.client.RestClient@7fc229ab]" started-at="2021-03-09T20:28:27 IST" name="fetchEulaWhenStatustCode200" data-provider="TestData" finished-at="2021-03-09T20:28:31 IST" duration-ms="4088" status="PASS">
          <params>
            <param index="0">
              <value>
                <![CDATA[https://1k-dev.1kosmos.net/api/v3/rest/default/eula?tenant=1kosmos]]>
              </value>
            </param>
          </params>
          <reporter-output>
          </reporter-output>
        </test-method> <!-- fetchEulaWhenStatustCode200 -->
      </class> <!-- com.kosmos.client.RestClient -->
    </test> <!-- Default test -->
  </suite> <!-- Default suite -->
</testng-results>
